dataset: ./tokens
block num: 14
fail by union: 0
fail by filter: 0
detect time: 0
parse time: 0
-----------------------------
type1# total: 0, true: 0, recall: -1.00
type2# total: 0, true: 0, recall: -1.00
type3# total: 0, true: 0, recall: -1.00
sim in [1.00, 1.20): total: 0, detect: 0, accumulate: 0
sim in [0.90, 1.00): total: 0, detect: 0, accumulate: 0
sim in [0.80, 0.90): total: 1, detect: 1, accumulate: 1
sim in [0.70, 0.80): total: 0, detect: 0, accumulate: 1
sim in [0.60, 0.70): total: 1, detect: 1, accumulate: 2
sim in [0.50, 0.60): total: 0, detect: 0, accumulate: 2
sim in [0.00, 0.50): total: 0, detect: 0, accumulate: 2
-----------------------------
num for sim in (1.00, 1.20]: 0, 0
num for sim in (0.90, 1.00]: 0, 0
num for sim in (0.80, 0.90]: 1, 1
num for sim in (0.70, 0.80]: 0, 1
num for sim in (0.60, 0.70]: 1, 2
num for sim in (0.50, 0.60]: 0, 2
num for sim in (0.00, 0.50]: 0, 2
-----------------------------


